10:03:39:891 [ALWAYS]	GUDE Logging Started
10:03:39:891 [INFO]	SqliteResumeCache::SqliteResumeCache basedirectory is null/empty
10:03:39:891 [ERROR]	SqliteResumeCache::CreateSqliteResumeCache creating resume cache pointer failure
10:03:39:891 [ERROR]	Initialize resume cache pointer failure
10:03:39:891 [INFO]	gude policy POLICY_USER limit (2,2,1) chunk 2097152, chunking (UL 0 DL 1), resXfer 1, adapt 0, NSURL 0, timeout 86400 
10:03:39:891 [INFO]	Initialized -- gude-lib version: v0.12.1 app: gude
10:03:46:943 [WARN]	Ignoring attempt to reinit logging to \gude at level 4 retaining 3 days of logs
10:03:46:943 [INFO]	SqliteResumeCache::SqliteResumeCache basedirectory is null/empty
10:03:46:943 [ERROR]	SqliteResumeCache::CreateSqliteResumeCache creating resume cache pointer failure
10:03:46:943 [ERROR]	Initialize resume cache pointer failure
10:03:46:943 [INFO]	gude policy POLICY_USER limit (4,4,1) chunk 2097152, chunking (UL 0 DL 1), resXfer 1, adapt 0, NSURL 1, timeout 86400 
10:03:46:943 [INFO]	Initialized -- gude-lib version: v0.12.1 app: gude
10:04:18:807 [ALWAYS]	GUDE Logging Started
10:04:18:807 [INFO]	SqliteResumeCache::SqliteResumeCache basedirectory is null/empty
10:04:18:807 [ERROR]	SqliteResumeCache::CreateSqliteResumeCache creating resume cache pointer failure
10:04:18:807 [ERROR]	Initialize resume cache pointer failure
10:04:18:807 [INFO]	gude policy POLICY_USER limit (2,2,1) chunk 2097152, chunking (UL 0 DL 1), resXfer 1, adapt 0, NSURL 0, timeout 86400 
10:04:18:807 [INFO]	Initialized -- gude-lib version: v0.12.1 app: gude
10:04:23:933 [WARN]	Ignoring attempt to reinit logging to \gude at level 4 retaining 3 days of logs
10:04:23:933 [INFO]	SqliteResumeCache::SqliteResumeCache basedirectory is null/empty
10:04:23:933 [ERROR]	SqliteResumeCache::CreateSqliteResumeCache creating resume cache pointer failure
10:04:23:933 [ERROR]	Initialize resume cache pointer failure
10:04:23:933 [INFO]	gude policy POLICY_USER limit (4,4,1) chunk 2097152, chunking (UL 0 DL 1), resXfer 1, adapt 0, NSURL 1, timeout 86400 
10:04:23:933 [INFO]	Initialized -- gude-lib version: v0.12.1 app: gude
